2026-02-10 12:23:43	admin	http://localhost/Demo/	ParseError: syntax error, unexpected token "<", expecting end of file in C:\xampp\htdocs\Demo\site\templates\home.php:3 Stack trace: #0 C:\xampp\htdocs\Demo\wire\core\Wire.php(413): ProcessWire\TemplateFile->___render() #1 C:\xampp\htdocs\Demo\wire\core\WireHooks.php(1018): ProcessWire\Wire->_callMethod('___render', Array) #2 C:\xampp\htdocs\Demo\wire\core\Wire.php(484): ProcessWire\WireHooks->runHooks(Object(ProcessWire\TemplateFile), 'render', Array) #3 C:\xampp\htdocs\Demo\wire\modules\PageRender.module(547): ProcessWire\Wire->__call('render', Array) #4 C:\xampp\htdocs\Demo\wire\core\Page.php(3152): ProcessWire\PageRender->render(Object(ProcessWire\HomePage), Array) #5 C:\xampp\htdocs\Demo\wire\core\Wire.php(416): ProcessWire\Page->___renderPage(Array) #6 C:\xampp\htdocs\Demo\wire\core\WireHooks.php(1018): ProcessWire\Wire->_callMethod('___renderPage', Array) #7 C:\xampp\htdocs\Demo\wire\core\Wire.php(484): ProcessWire\WireHooks->runHooks(Object(ProcessWire\HomePage), 'renderPage', Array) #8 C:\xampp\htdocs\Demo\wire\core\Page.php(3097): ProcessWire\Wire->__call('renderPage', Array) #9 C:\xampp\htdocs\Demo\wire\core\Wire.php(413): ProcessWire\Page->___render() #10 C:\xampp\htdocs\Demo\wire\core\WireHooks.php(1018): ProcessWire\Wire->_callMethod('___render', Array) #11 C:\xampp\htdocs\Demo\wire\core\Wire.php(484): ProcessWire\WireHooks->runHooks(Object(ProcessWire\HomePage), 'render', Array) #12 C:\xampp\htdocs\Demo\wire\modules\Process\ProcessPageView.module(193): ProcessWire\Wire->__call('render', Array) #13 C:\xampp\htdocs\Demo\wire\modules\Process\ProcessPageView.module(114): ProcessWire\ProcessPageView->renderPage(Object(ProcessWire\HomePage), Object(ProcessWire\PagesRequest)) #14 C:\xampp\htdocs\Demo\wire\core\Wire.php(416): ProcessWire\ProcessPageView->___execute(true) #15 C:\xampp\htdocs\Demo\wire\core\WireHooks.php(1018): ProcessWire\Wire->_callMethod('___execute', Array) #16 C:\xampp\htdocs\Demo\wire\core\Wire.php(484): ProcessWire\WireHooks->runHooks(Object(ProcessWire\ProcessPageView), 'execute', Array) #17 C:\xampp\htdocs\Demo\index.php(56): ProcessWire\Wire->__call('execute', Array) #18 {main}
2026-02-10 12:24:14	admin	http://localhost/Demo/	ProcessWire\WireException: Method Pageimage::first does not exist or is not callable in this context in C:\xampp\htdocs\Demo\wire\core\Wire.php:563 Stack trace: #0 C:\xampp\htdocs\Demo\wire\core\Wire.php(419): ProcessWire\Wire->___callUnknown('first', Array) #1 C:\xampp\htdocs\Demo\wire\core\WireHooks.php(1018): ProcessWire\Wire->_callMethod('___callUnknown', Array) #2 C:\xampp\htdocs\Demo\wire\core\Wire.php(484): ProcessWire\WireHooks->runHooks(Object(ProcessWire\Pageimage), 'callUnknown', Array) #3 C:\xampp\htdocs\Demo\wire\core\Wire.php(487): ProcessWire\Wire->__call('callUnknown', Array) #4 C:\xampp\htdocs\Demo\site\templates\home.php(25): ProcessWire\Wire->__call('first', Array) #5 C:\xampp\htdocs\Demo\wire\core\TemplateFile.php(328): require('C:\\xampp\\htdocs...') #6 C:\xampp\htdocs\Demo\wire\core\Wire.php(413): ProcessWire\TemplateFile->___render() #7 C:\xampp\htdocs\Demo\wire\core\WireHooks.php(1018): ProcessWire\Wire->_callMethod('___render', Array) #8 C:\xampp\htdocs\Demo\wire\core\Wire.php(484): ProcessWire\WireHooks->runHooks(Object(ProcessWire\TemplateFile), 'render', Array) #9 C:\xampp\htdocs\Demo\wire\modules\PageRender.module(547): ProcessWire\Wire->__call('render', Array) #10 C:\xampp\htdocs\Demo\wire\core\Page.php(3152): ProcessWire\PageRender->render(Object(ProcessWire\HomePage), Array) #11 C:\xampp\htdocs\Demo\wire\core\Wire.php(416): ProcessWire\Page->___renderPage(Array) #12 C:\xampp\htdocs\Demo\wire\core\WireHooks.php(1018): ProcessWire\Wire->_callMethod('___renderPage', Array) #13 C:\xampp\htdocs\Demo\wire\core\Wire.php(484): ProcessWire\WireHooks->runHooks(Object(ProcessWire\HomePage), 'renderPage', Array) #14 C:\xampp\htdocs\Demo\wire\core\Page.php(3097): ProcessWire\Wire->__call('renderPage', Array) #15 C:\xampp\htdocs\Demo\wire\core\Wire.php(413): ProcessWire\Page->___render() #16 C:\xampp\htdocs\Demo\wire\core\WireHooks.php(1018): ProcessWire\Wire->_callMethod('___render', Array) #17 C:\xampp\htdocs\Demo\wire\core\Wire.php(484): ProcessWire\WireHooks->runHooks(Object(ProcessWire\HomePage), 'render', Array) #18 C:\xampp\htdocs\Demo\wire\modules\Process\ProcessPageView.module(193): ProcessWire\Wire->__call('render', Array) #19 C:\xampp\htdocs\Demo\wire\modules\Process\ProcessPageView.module(114): ProcessWire\ProcessPageView->renderPage(Object(ProcessWire\HomePage), Object(ProcessWire\PagesRequest)) #20 C:\xampp\htdocs\Demo\wire\core\Wire.php(416): ProcessWire\ProcessPageView->___execute(true) #21 C:\xampp\htdocs\Demo\wire\core\WireHooks.php(1018): ProcessWire\Wire->_callMethod('___execute', Array) #22 C:\xampp\htdocs\Demo\wire\core\Wire.php(484): ProcessWire\WireHooks->runHooks(Object(ProcessWire\ProcessPageView), 'execute', Array) #23 C:\xampp\htdocs\Demo\index.php(56): ProcessWire\Wire->__call('execute', Array) #24 {main}
2026-02-10 12:24:17	admin	http://localhost/Demo/	ProcessWire\WireException: Method Pageimage::first does not exist or is not callable in this context in C:\xampp\htdocs\Demo\wire\core\Wire.php:563 Stack trace: #0 C:\xampp\htdocs\Demo\wire\core\Wire.php(419): ProcessWire\Wire->___callUnknown('first', Array) #1 C:\xampp\htdocs\Demo\wire\core\WireHooks.php(1018): ProcessWire\Wire->_callMethod('___callUnknown', Array) #2 C:\xampp\htdocs\Demo\wire\core\Wire.php(484): ProcessWire\WireHooks->runHooks(Object(ProcessWire\Pageimage), 'callUnknown', Array) #3 C:\xampp\htdocs\Demo\wire\core\Wire.php(487): ProcessWire\Wire->__call('callUnknown', Array) #4 C:\xampp\htdocs\Demo\site\templates\home.php(25): ProcessWire\Wire->__call('first', Array) #5 C:\xampp\htdocs\Demo\wire\core\TemplateFile.php(328): require('C:\\xampp\\htdocs...') #6 C:\xampp\htdocs\Demo\wire\core\Wire.php(413): ProcessWire\TemplateFile->___render() #7 C:\xampp\htdocs\Demo\wire\core\WireHooks.php(1018): ProcessWire\Wire->_callMethod('___render', Array) #8 C:\xampp\htdocs\Demo\wire\core\Wire.php(484): ProcessWire\WireHooks->runHooks(Object(ProcessWire\TemplateFile), 'render', Array) #9 C:\xampp\htdocs\Demo\wire\modules\PageRender.module(547): ProcessWire\Wire->__call('render', Array) #10 C:\xampp\htdocs\Demo\wire\core\Page.php(3152): ProcessWire\PageRender->render(Object(ProcessWire\HomePage), Array) #11 C:\xampp\htdocs\Demo\wire\core\Wire.php(416): ProcessWire\Page->___renderPage(Array) #12 C:\xampp\htdocs\Demo\wire\core\WireHooks.php(1018): ProcessWire\Wire->_callMethod('___renderPage', Array) #13 C:\xampp\htdocs\Demo\wire\core\Wire.php(484): ProcessWire\WireHooks->runHooks(Object(ProcessWire\HomePage), 'renderPage', Array) #14 C:\xampp\htdocs\Demo\wire\core\Page.php(3097): ProcessWire\Wire->__call('renderPage', Array) #15 C:\xampp\htdocs\Demo\wire\core\Wire.php(413): ProcessWire\Page->___render() #16 C:\xampp\htdocs\Demo\wire\core\WireHooks.php(1018): ProcessWire\Wire->_callMethod('___render', Array) #17 C:\xampp\htdocs\Demo\wire\core\Wire.php(484): ProcessWire\WireHooks->runHooks(Object(ProcessWire\HomePage), 'render', Array) #18 C:\xampp\htdocs\Demo\wire\modules\Process\ProcessPageView.module(193): ProcessWire\Wire->__call('render', Array) #19 C:\xampp\htdocs\Demo\wire\modules\Process\ProcessPageView.module(114): ProcessWire\ProcessPageView->renderPage(Object(ProcessWire\HomePage), Object(ProcessWire\PagesRequest)) #20 C:\xampp\htdocs\Demo\wire\core\Wire.php(416): ProcessWire\ProcessPageView->___execute(true) #21 C:\xampp\htdocs\Demo\wire\core\WireHooks.php(1018): ProcessWire\Wire->_callMethod('___execute', Array) #22 C:\xampp\htdocs\Demo\wire\core\Wire.php(484): ProcessWire\WireHooks->runHooks(Object(ProcessWire\ProcessPageView), 'execute', Array) #23 C:\xampp\htdocs\Demo\index.php(56): ProcessWire\Wire->__call('execute', Array) #24 {main}
2026-02-10 12:24:19	admin	http://localhost/Demo/	ProcessWire\WireException: Method Pageimage::first does not exist or is not callable in this context in C:\xampp\htdocs\Demo\wire\core\Wire.php:563 Stack trace: #0 C:\xampp\htdocs\Demo\wire\core\Wire.php(419): ProcessWire\Wire->___callUnknown('first', Array) #1 C:\xampp\htdocs\Demo\wire\core\WireHooks.php(1018): ProcessWire\Wire->_callMethod('___callUnknown', Array) #2 C:\xampp\htdocs\Demo\wire\core\Wire.php(484): ProcessWire\WireHooks->runHooks(Object(ProcessWire\Pageimage), 'callUnknown', Array) #3 C:\xampp\htdocs\Demo\wire\core\Wire.php(487): ProcessWire\Wire->__call('callUnknown', Array) #4 C:\xampp\htdocs\Demo\site\templates\home.php(25): ProcessWire\Wire->__call('first', Array) #5 C:\xampp\htdocs\Demo\wire\core\TemplateFile.php(328): require('C:\\xampp\\htdocs...') #6 C:\xampp\htdocs\Demo\wire\core\Wire.php(413): ProcessWire\TemplateFile->___render() #7 C:\xampp\htdocs\Demo\wire\core\WireHooks.php(1018): ProcessWire\Wire->_callMethod('___render', Array) #8 C:\xampp\htdocs\Demo\wire\core\Wire.php(484): ProcessWire\WireHooks->runHooks(Object(ProcessWire\TemplateFile), 'render', Array) #9 C:\xampp\htdocs\Demo\wire\modules\PageRender.module(547): ProcessWire\Wire->__call('render', Array) #10 C:\xampp\htdocs\Demo\wire\core\Page.php(3152): ProcessWire\PageRender->render(Object(ProcessWire\HomePage), Array) #11 C:\xampp\htdocs\Demo\wire\core\Wire.php(416): ProcessWire\Page->___renderPage(Array) #12 C:\xampp\htdocs\Demo\wire\core\WireHooks.php(1018): ProcessWire\Wire->_callMethod('___renderPage', Array) #13 C:\xampp\htdocs\Demo\wire\core\Wire.php(484): ProcessWire\WireHooks->runHooks(Object(ProcessWire\HomePage), 'renderPage', Array) #14 C:\xampp\htdocs\Demo\wire\core\Page.php(3097): ProcessWire\Wire->__call('renderPage', Array) #15 C:\xampp\htdocs\Demo\wire\core\Wire.php(413): ProcessWire\Page->___render() #16 C:\xampp\htdocs\Demo\wire\core\WireHooks.php(1018): ProcessWire\Wire->_callMethod('___render', Array) #17 C:\xampp\htdocs\Demo\wire\core\Wire.php(484): ProcessWire\WireHooks->runHooks(Object(ProcessWire\HomePage), 'render', Array) #18 C:\xampp\htdocs\Demo\wire\modules\Process\ProcessPageView.module(193): ProcessWire\Wire->__call('render', Array) #19 C:\xampp\htdocs\Demo\wire\modules\Process\ProcessPageView.module(114): ProcessWire\ProcessPageView->renderPage(Object(ProcessWire\HomePage), Object(ProcessWire\PagesRequest)) #20 C:\xampp\htdocs\Demo\wire\core\Wire.php(416): ProcessWire\ProcessPageView->___execute(true) #21 C:\xampp\htdocs\Demo\wire\core\WireHooks.php(1018): ProcessWire\Wire->_callMethod('___execute', Array) #22 C:\xampp\htdocs\Demo\wire\core\Wire.php(484): ProcessWire\WireHooks->runHooks(Object(ProcessWire\ProcessPageView), 'execute', Array) #23 C:\xampp\htdocs\Demo\index.php(56): ProcessWire\Wire->__call('execute', Array) #24 {main}
2026-02-10 12:28:12	admin	http://localhost/Demo/	Error: Call to a member function hasField() on int in C:\xampp\htdocs\Demo\site\templates\home.php:50 Stack trace: #0 C:\xampp\htdocs\Demo\wire\core\TemplateFile.php(328): require() #1 C:\xampp\htdocs\Demo\wire\core\Wire.php(413): ProcessWire\TemplateFile->___render() #2 C:\xampp\htdocs\Demo\wire\core\WireHooks.php(1018): ProcessWire\Wire->_callMethod('___render', Array) #3 C:\xampp\htdocs\Demo\wire\core\Wire.php(484): ProcessWire\WireHooks->runHooks(Object(ProcessWire\TemplateFile), 'render', Array) #4 C:\xampp\htdocs\Demo\wire\modules\PageRender.module(547): ProcessWire\Wire->__call('render', Array) #5 C:\xampp\htdocs\Demo\wire\core\Page.php(3152): ProcessWire\PageRender->render(Object(ProcessWire\HomePage), Array) #6 C:\xampp\htdocs\Demo\wire\core\Wire.php(416): ProcessWire\Page->___renderPage(Array) #7 C:\xampp\htdocs\Demo\wire\core\WireHooks.php(1018): ProcessWire\Wire->_callMethod('___renderPage', Array) #8 C:\xampp\htdocs\Demo\wire\core\Wire.php(484): ProcessWire\WireHooks->runHooks(Object(ProcessWire\HomePage), 'renderPage', Array) #9 C:\xampp\htdocs\Demo\wire\core\Page.php(3097): ProcessWire\Wire->__call('renderPage', Array) #10 C:\xampp\htdocs\Demo\wire\core\Wire.php(413): ProcessWire\Page->___render() #11 C:\xampp\htdocs\Demo\wire\core\WireHooks.php(1018): ProcessWire\Wire->_callMethod('___render', Array) #12 C:\xampp\htdocs\Demo\wire\core\Wire.php(484): ProcessWire\WireHooks->runHooks(Object(ProcessWire\HomePage), 'render', Array) #13 C:\xampp\htdocs\Demo\wire\modules\Process\ProcessPageView.module(193): ProcessWire\Wire->__call('render', Array) #14 C:\xampp\htdocs\Demo\wire\modules\Process\ProcessPageView.module(114): ProcessWire\ProcessPageView->renderPage(Object(ProcessWire\HomePage), Object(ProcessWire\PagesRequest)) #15 C:\xampp\htdocs\Demo\wire\core\Wire.php(416): ProcessWire\ProcessPageView->___execute(true) #16 C:\xampp\htdocs\Demo\wire\core\WireHooks.php(1018): ProcessWire\Wire->_callMethod('___execute', Array) #17 C:\xampp\htdocs\Demo\wire\core\Wire.php(484): ProcessWire\WireHooks->runHooks(Object(ProcessWire\ProcessPageView), 'execute', Array) #18 C:\xampp\htdocs\Demo\index.php(56): ProcessWire\Wire->__call('execute', Array) #19 {main}
2026-02-10 12:28:18	admin	http://localhost/Demo/	Error: Call to a member function hasField() on int in C:\xampp\htdocs\Demo\site\templates\home.php:50 Stack trace: #0 C:\xampp\htdocs\Demo\wire\core\TemplateFile.php(328): require() #1 C:\xampp\htdocs\Demo\wire\core\Wire.php(413): ProcessWire\TemplateFile->___render() #2 C:\xampp\htdocs\Demo\wire\core\WireHooks.php(1018): ProcessWire\Wire->_callMethod('___render', Array) #3 C:\xampp\htdocs\Demo\wire\core\Wire.php(484): ProcessWire\WireHooks->runHooks(Object(ProcessWire\TemplateFile), 'render', Array) #4 C:\xampp\htdocs\Demo\wire\modules\PageRender.module(547): ProcessWire\Wire->__call('render', Array) #5 C:\xampp\htdocs\Demo\wire\core\Page.php(3152): ProcessWire\PageRender->render(Object(ProcessWire\HomePage), Array) #6 C:\xampp\htdocs\Demo\wire\core\Wire.php(416): ProcessWire\Page->___renderPage(Array) #7 C:\xampp\htdocs\Demo\wire\core\WireHooks.php(1018): ProcessWire\Wire->_callMethod('___renderPage', Array) #8 C:\xampp\htdocs\Demo\wire\core\Wire.php(484): ProcessWire\WireHooks->runHooks(Object(ProcessWire\HomePage), 'renderPage', Array) #9 C:\xampp\htdocs\Demo\wire\core\Page.php(3097): ProcessWire\Wire->__call('renderPage', Array) #10 C:\xampp\htdocs\Demo\wire\core\Wire.php(413): ProcessWire\Page->___render() #11 C:\xampp\htdocs\Demo\wire\core\WireHooks.php(1018): ProcessWire\Wire->_callMethod('___render', Array) #12 C:\xampp\htdocs\Demo\wire\core\Wire.php(484): ProcessWire\WireHooks->runHooks(Object(ProcessWire\HomePage), 'render', Array) #13 C:\xampp\htdocs\Demo\wire\modules\Process\ProcessPageView.module(193): ProcessWire\Wire->__call('render', Array) #14 C:\xampp\htdocs\Demo\wire\modules\Process\ProcessPageView.module(114): ProcessWire\ProcessPageView->renderPage(Object(ProcessWire\HomePage), Object(ProcessWire\PagesRequest)) #15 C:\xampp\htdocs\Demo\wire\core\Wire.php(416): ProcessWire\ProcessPageView->___execute(true) #16 C:\xampp\htdocs\Demo\wire\core\WireHooks.php(1018): ProcessWire\Wire->_callMethod('___execute', Array) #17 C:\xampp\htdocs\Demo\wire\core\Wire.php(484): ProcessWire\WireHooks->runHooks(Object(ProcessWire\ProcessPageView), 'execute', Array) #18 C:\xampp\htdocs\Demo\index.php(56): ProcessWire\Wire->__call('execute', Array) #19 {main}
2026-02-10 12:28:20	admin	http://localhost/Demo/	Error: Call to a member function hasField() on int in C:\xampp\htdocs\Demo\site\templates\home.php:50 Stack trace: #0 C:\xampp\htdocs\Demo\wire\core\TemplateFile.php(328): require() #1 C:\xampp\htdocs\Demo\wire\core\Wire.php(413): ProcessWire\TemplateFile->___render() #2 C:\xampp\htdocs\Demo\wire\core\WireHooks.php(1018): ProcessWire\Wire->_callMethod('___render', Array) #3 C:\xampp\htdocs\Demo\wire\core\Wire.php(484): ProcessWire\WireHooks->runHooks(Object(ProcessWire\TemplateFile), 'render', Array) #4 C:\xampp\htdocs\Demo\wire\modules\PageRender.module(547): ProcessWire\Wire->__call('render', Array) #5 C:\xampp\htdocs\Demo\wire\core\Page.php(3152): ProcessWire\PageRender->render(Object(ProcessWire\HomePage), Array) #6 C:\xampp\htdocs\Demo\wire\core\Wire.php(416): ProcessWire\Page->___renderPage(Array) #7 C:\xampp\htdocs\Demo\wire\core\WireHooks.php(1018): ProcessWire\Wire->_callMethod('___renderPage', Array) #8 C:\xampp\htdocs\Demo\wire\core\Wire.php(484): ProcessWire\WireHooks->runHooks(Object(ProcessWire\HomePage), 'renderPage', Array) #9 C:\xampp\htdocs\Demo\wire\core\Page.php(3097): ProcessWire\Wire->__call('renderPage', Array) #10 C:\xampp\htdocs\Demo\wire\core\Wire.php(413): ProcessWire\Page->___render() #11 C:\xampp\htdocs\Demo\wire\core\WireHooks.php(1018): ProcessWire\Wire->_callMethod('___render', Array) #12 C:\xampp\htdocs\Demo\wire\core\Wire.php(484): ProcessWire\WireHooks->runHooks(Object(ProcessWire\HomePage), 'render', Array) #13 C:\xampp\htdocs\Demo\wire\modules\Process\ProcessPageView.module(193): ProcessWire\Wire->__call('render', Array) #14 C:\xampp\htdocs\Demo\wire\modules\Process\ProcessPageView.module(114): ProcessWire\ProcessPageView->renderPage(Object(ProcessWire\HomePage), Object(ProcessWire\PagesRequest)) #15 C:\xampp\htdocs\Demo\wire\core\Wire.php(416): ProcessWire\ProcessPageView->___execute(true) #16 C:\xampp\htdocs\Demo\wire\core\WireHooks.php(1018): ProcessWire\Wire->_callMethod('___execute', Array) #17 C:\xampp\htdocs\Demo\wire\core\Wire.php(484): ProcessWire\WireHooks->runHooks(Object(ProcessWire\ProcessPageView), 'execute', Array) #18 C:\xampp\htdocs\Demo\index.php(56): ProcessWire\Wire->__call('execute', Array) #19 {main}
2026-02-10 12:31:00	admin	http://localhost/Demo/	Error: Call to a member function get() on int in C:\xampp\htdocs\Demo\site\templates\home.php:50 Stack trace: #0 C:\xampp\htdocs\Demo\wire\core\TemplateFile.php(328): require() #1 C:\xampp\htdocs\Demo\wire\core\Wire.php(413): ProcessWire\TemplateFile->___render() #2 C:\xampp\htdocs\Demo\wire\core\WireHooks.php(1018): ProcessWire\Wire->_callMethod('___render', Array) #3 C:\xampp\htdocs\Demo\wire\core\Wire.php(484): ProcessWire\WireHooks->runHooks(Object(ProcessWire\TemplateFile), 'render', Array) #4 C:\xampp\htdocs\Demo\wire\modules\PageRender.module(547): ProcessWire\Wire->__call('render', Array) #5 C:\xampp\htdocs\Demo\wire\core\Page.php(3152): ProcessWire\PageRender->render(Object(ProcessWire\HomePage), Array) #6 C:\xampp\htdocs\Demo\wire\core\Wire.php(416): ProcessWire\Page->___renderPage(Array) #7 C:\xampp\htdocs\Demo\wire\core\WireHooks.php(1018): ProcessWire\Wire->_callMethod('___renderPage', Array) #8 C:\xampp\htdocs\Demo\wire\core\Wire.php(484): ProcessWire\WireHooks->runHooks(Object(ProcessWire\HomePage), 'renderPage', Array) #9 C:\xampp\htdocs\Demo\wire\core\Page.php(3097): ProcessWire\Wire->__call('renderPage', Array) #10 C:\xampp\htdocs\Demo\wire\core\Wire.php(413): ProcessWire\Page->___render() #11 C:\xampp\htdocs\Demo\wire\core\WireHooks.php(1018): ProcessWire\Wire->_callMethod('___render', Array) #12 C:\xampp\htdocs\Demo\wire\core\Wire.php(484): ProcessWire\WireHooks->runHooks(Object(ProcessWire\HomePage), 'render', Array) #13 C:\xampp\htdocs\Demo\wire\modules\Process\ProcessPageView.module(193): ProcessWire\Wire->__call('render', Array) #14 C:\xampp\htdocs\Demo\wire\modules\Process\ProcessPageView.module(114): ProcessWire\ProcessPageView->renderPage(Object(ProcessWire\HomePage), Object(ProcessWire\PagesRequest)) #15 C:\xampp\htdocs\Demo\wire\core\Wire.php(416): ProcessWire\ProcessPageView->___execute(true) #16 C:\xampp\htdocs\Demo\wire\core\WireHooks.php(1018): ProcessWire\Wire->_callMethod('___execute', Array) #17 C:\xampp\htdocs\Demo\wire\core\Wire.php(484): ProcessWire\WireHooks->runHooks(Object(ProcessWire\ProcessPageView), 'execute', Array) #18 C:\xampp\htdocs\Demo\index.php(56): ProcessWire\Wire->__call('execute', Array) #19 {main}
2026-02-10 12:31:03	admin	http://localhost/Demo/	Error: Call to a member function get() on int in C:\xampp\htdocs\Demo\site\templates\home.php:50 Stack trace: #0 C:\xampp\htdocs\Demo\wire\core\TemplateFile.php(328): require() #1 C:\xampp\htdocs\Demo\wire\core\Wire.php(413): ProcessWire\TemplateFile->___render() #2 C:\xampp\htdocs\Demo\wire\core\WireHooks.php(1018): ProcessWire\Wire->_callMethod('___render', Array) #3 C:\xampp\htdocs\Demo\wire\core\Wire.php(484): ProcessWire\WireHooks->runHooks(Object(ProcessWire\TemplateFile), 'render', Array) #4 C:\xampp\htdocs\Demo\wire\modules\PageRender.module(547): ProcessWire\Wire->__call('render', Array) #5 C:\xampp\htdocs\Demo\wire\core\Page.php(3152): ProcessWire\PageRender->render(Object(ProcessWire\HomePage), Array) #6 C:\xampp\htdocs\Demo\wire\core\Wire.php(416): ProcessWire\Page->___renderPage(Array) #7 C:\xampp\htdocs\Demo\wire\core\WireHooks.php(1018): ProcessWire\Wire->_callMethod('___renderPage', Array) #8 C:\xampp\htdocs\Demo\wire\core\Wire.php(484): ProcessWire\WireHooks->runHooks(Object(ProcessWire\HomePage), 'renderPage', Array) #9 C:\xampp\htdocs\Demo\wire\core\Page.php(3097): ProcessWire\Wire->__call('renderPage', Array) #10 C:\xampp\htdocs\Demo\wire\core\Wire.php(413): ProcessWire\Page->___render() #11 C:\xampp\htdocs\Demo\wire\core\WireHooks.php(1018): ProcessWire\Wire->_callMethod('___render', Array) #12 C:\xampp\htdocs\Demo\wire\core\Wire.php(484): ProcessWire\WireHooks->runHooks(Object(ProcessWire\HomePage), 'render', Array) #13 C:\xampp\htdocs\Demo\wire\modules\Process\ProcessPageView.module(193): ProcessWire\Wire->__call('render', Array) #14 C:\xampp\htdocs\Demo\wire\modules\Process\ProcessPageView.module(114): ProcessWire\ProcessPageView->renderPage(Object(ProcessWire\HomePage), Object(ProcessWire\PagesRequest)) #15 C:\xampp\htdocs\Demo\wire\core\Wire.php(416): ProcessWire\ProcessPageView->___execute(true) #16 C:\xampp\htdocs\Demo\wire\core\WireHooks.php(1018): ProcessWire\Wire->_callMethod('___execute', Array) #17 C:\xampp\htdocs\Demo\wire\core\Wire.php(484): ProcessWire\WireHooks->runHooks(Object(ProcessWire\ProcessPageView), 'execute', Array) #18 C:\xampp\htdocs\Demo\index.php(56): ProcessWire\Wire->__call('execute', Array) #19 {main}
2026-02-10 12:31:06	admin	http://localhost/Demo/	Error: Call to a member function get() on int in C:\xampp\htdocs\Demo\site\templates\home.php:50 Stack trace: #0 C:\xampp\htdocs\Demo\wire\core\TemplateFile.php(328): require() #1 C:\xampp\htdocs\Demo\wire\core\Wire.php(413): ProcessWire\TemplateFile->___render() #2 C:\xampp\htdocs\Demo\wire\core\WireHooks.php(1018): ProcessWire\Wire->_callMethod('___render', Array) #3 C:\xampp\htdocs\Demo\wire\core\Wire.php(484): ProcessWire\WireHooks->runHooks(Object(ProcessWire\TemplateFile), 'render', Array) #4 C:\xampp\htdocs\Demo\wire\modules\PageRender.module(547): ProcessWire\Wire->__call('render', Array) #5 C:\xampp\htdocs\Demo\wire\core\Page.php(3152): ProcessWire\PageRender->render(Object(ProcessWire\HomePage), Array) #6 C:\xampp\htdocs\Demo\wire\core\Wire.php(416): ProcessWire\Page->___renderPage(Array) #7 C:\xampp\htdocs\Demo\wire\core\WireHooks.php(1018): ProcessWire\Wire->_callMethod('___renderPage', Array) #8 C:\xampp\htdocs\Demo\wire\core\Wire.php(484): ProcessWire\WireHooks->runHooks(Object(ProcessWire\HomePage), 'renderPage', Array) #9 C:\xampp\htdocs\Demo\wire\core\Page.php(3097): ProcessWire\Wire->__call('renderPage', Array) #10 C:\xampp\htdocs\Demo\wire\core\Wire.php(413): ProcessWire\Page->___render() #11 C:\xampp\htdocs\Demo\wire\core\WireHooks.php(1018): ProcessWire\Wire->_callMethod('___render', Array) #12 C:\xampp\htdocs\Demo\wire\core\Wire.php(484): ProcessWire\WireHooks->runHooks(Object(ProcessWire\HomePage), 'render', Array) #13 C:\xampp\htdocs\Demo\wire\modules\Process\ProcessPageView.module(193): ProcessWire\Wire->__call('render', Array) #14 C:\xampp\htdocs\Demo\wire\modules\Process\ProcessPageView.module(114): ProcessWire\ProcessPageView->renderPage(Object(ProcessWire\HomePage), Object(ProcessWire\PagesRequest)) #15 C:\xampp\htdocs\Demo\wire\core\Wire.php(416): ProcessWire\ProcessPageView->___execute(true) #16 C:\xampp\htdocs\Demo\wire\core\WireHooks.php(1018): ProcessWire\Wire->_callMethod('___execute', Array) #17 C:\xampp\htdocs\Demo\wire\core\Wire.php(484): ProcessWire\WireHooks->runHooks(Object(ProcessWire\ProcessPageView), 'execute', Array) #18 C:\xampp\htdocs\Demo\index.php(56): ProcessWire\Wire->__call('execute', Array) #19 {main}
2026-02-10 12:31:09	admin	http://localhost/Demo/	Error: Call to a member function get() on int in C:\xampp\htdocs\Demo\site\templates\home.php:50 Stack trace: #0 C:\xampp\htdocs\Demo\wire\core\TemplateFile.php(328): require() #1 C:\xampp\htdocs\Demo\wire\core\Wire.php(413): ProcessWire\TemplateFile->___render() #2 C:\xampp\htdocs\Demo\wire\core\WireHooks.php(1018): ProcessWire\Wire->_callMethod('___render', Array) #3 C:\xampp\htdocs\Demo\wire\core\Wire.php(484): ProcessWire\WireHooks->runHooks(Object(ProcessWire\TemplateFile), 'render', Array) #4 C:\xampp\htdocs\Demo\wire\modules\PageRender.module(547): ProcessWire\Wire->__call('render', Array) #5 C:\xampp\htdocs\Demo\wire\core\Page.php(3152): ProcessWire\PageRender->render(Object(ProcessWire\HomePage), Array) #6 C:\xampp\htdocs\Demo\wire\core\Wire.php(416): ProcessWire\Page->___renderPage(Array) #7 C:\xampp\htdocs\Demo\wire\core\WireHooks.php(1018): ProcessWire\Wire->_callMethod('___renderPage', Array) #8 C:\xampp\htdocs\Demo\wire\core\Wire.php(484): ProcessWire\WireHooks->runHooks(Object(ProcessWire\HomePage), 'renderPage', Array) #9 C:\xampp\htdocs\Demo\wire\core\Page.php(3097): ProcessWire\Wire->__call('renderPage', Array) #10 C:\xampp\htdocs\Demo\wire\core\Wire.php(413): ProcessWire\Page->___render() #11 C:\xampp\htdocs\Demo\wire\core\WireHooks.php(1018): ProcessWire\Wire->_callMethod('___render', Array) #12 C:\xampp\htdocs\Demo\wire\core\Wire.php(484): ProcessWire\WireHooks->runHooks(Object(ProcessWire\HomePage), 'render', Array) #13 C:\xampp\htdocs\Demo\wire\modules\Process\ProcessPageView.module(193): ProcessWire\Wire->__call('render', Array) #14 C:\xampp\htdocs\Demo\wire\modules\Process\ProcessPageView.module(114): ProcessWire\ProcessPageView->renderPage(Object(ProcessWire\HomePage), Object(ProcessWire\PagesRequest)) #15 C:\xampp\htdocs\Demo\wire\core\Wire.php(416): ProcessWire\ProcessPageView->___execute(true) #16 C:\xampp\htdocs\Demo\wire\core\WireHooks.php(1018): ProcessWire\Wire->_callMethod('___execute', Array) #17 C:\xampp\htdocs\Demo\wire\core\Wire.php(484): ProcessWire\WireHooks->runHooks(Object(ProcessWire\ProcessPageView), 'execute', Array) #18 C:\xampp\htdocs\Demo\index.php(56): ProcessWire\Wire->__call('execute', Array) #19 {main}
2026-02-10 12:31:12	admin	http://localhost/Demo/	Error: Call to a member function get() on int in C:\xampp\htdocs\Demo\site\templates\home.php:50 Stack trace: #0 C:\xampp\htdocs\Demo\wire\core\TemplateFile.php(328): require() #1 C:\xampp\htdocs\Demo\wire\core\Wire.php(413): ProcessWire\TemplateFile->___render() #2 C:\xampp\htdocs\Demo\wire\core\WireHooks.php(1018): ProcessWire\Wire->_callMethod('___render', Array) #3 C:\xampp\htdocs\Demo\wire\core\Wire.php(484): ProcessWire\WireHooks->runHooks(Object(ProcessWire\TemplateFile), 'render', Array) #4 C:\xampp\htdocs\Demo\wire\modules\PageRender.module(547): ProcessWire\Wire->__call('render', Array) #5 C:\xampp\htdocs\Demo\wire\core\Page.php(3152): ProcessWire\PageRender->render(Object(ProcessWire\HomePage), Array) #6 C:\xampp\htdocs\Demo\wire\core\Wire.php(416): ProcessWire\Page->___renderPage(Array) #7 C:\xampp\htdocs\Demo\wire\core\WireHooks.php(1018): ProcessWire\Wire->_callMethod('___renderPage', Array) #8 C:\xampp\htdocs\Demo\wire\core\Wire.php(484): ProcessWire\WireHooks->runHooks(Object(ProcessWire\HomePage), 'renderPage', Array) #9 C:\xampp\htdocs\Demo\wire\core\Page.php(3097): ProcessWire\Wire->__call('renderPage', Array) #10 C:\xampp\htdocs\Demo\wire\core\Wire.php(413): ProcessWire\Page->___render() #11 C:\xampp\htdocs\Demo\wire\core\WireHooks.php(1018): ProcessWire\Wire->_callMethod('___render', Array) #12 C:\xampp\htdocs\Demo\wire\core\Wire.php(484): ProcessWire\WireHooks->runHooks(Object(ProcessWire\HomePage), 'render', Array) #13 C:\xampp\htdocs\Demo\wire\modules\Process\ProcessPageView.module(193): ProcessWire\Wire->__call('render', Array) #14 C:\xampp\htdocs\Demo\wire\modules\Process\ProcessPageView.module(114): ProcessWire\ProcessPageView->renderPage(Object(ProcessWire\HomePage), Object(ProcessWire\PagesRequest)) #15 C:\xampp\htdocs\Demo\wire\core\Wire.php(416): ProcessWire\ProcessPageView->___execute(true) #16 C:\xampp\htdocs\Demo\wire\core\WireHooks.php(1018): ProcessWire\Wire->_callMethod('___execute', Array) #17 C:\xampp\htdocs\Demo\wire\core\Wire.php(484): ProcessWire\WireHooks->runHooks(Object(ProcessWire\ProcessPageView), 'execute', Array) #18 C:\xampp\htdocs\Demo\index.php(56): ProcessWire\Wire->__call('execute', Array) #19 {main}
2026-02-10 12:31:15	admin	http://localhost/Demo/	Error: Call to a member function get() on int in C:\xampp\htdocs\Demo\site\templates\home.php:50 Stack trace: #0 C:\xampp\htdocs\Demo\wire\core\TemplateFile.php(328): require() #1 C:\xampp\htdocs\Demo\wire\core\Wire.php(413): ProcessWire\TemplateFile->___render() #2 C:\xampp\htdocs\Demo\wire\core\WireHooks.php(1018): ProcessWire\Wire->_callMethod('___render', Array) #3 C:\xampp\htdocs\Demo\wire\core\Wire.php(484): ProcessWire\WireHooks->runHooks(Object(ProcessWire\TemplateFile), 'render', Array) #4 C:\xampp\htdocs\Demo\wire\modules\PageRender.module(547): ProcessWire\Wire->__call('render', Array) #5 C:\xampp\htdocs\Demo\wire\core\Page.php(3152): ProcessWire\PageRender->render(Object(ProcessWire\HomePage), Array) #6 C:\xampp\htdocs\Demo\wire\core\Wire.php(416): ProcessWire\Page->___renderPage(Array) #7 C:\xampp\htdocs\Demo\wire\core\WireHooks.php(1018): ProcessWire\Wire->_callMethod('___renderPage', Array) #8 C:\xampp\htdocs\Demo\wire\core\Wire.php(484): ProcessWire\WireHooks->runHooks(Object(ProcessWire\HomePage), 'renderPage', Array) #9 C:\xampp\htdocs\Demo\wire\core\Page.php(3097): ProcessWire\Wire->__call('renderPage', Array) #10 C:\xampp\htdocs\Demo\wire\core\Wire.php(413): ProcessWire\Page->___render() #11 C:\xampp\htdocs\Demo\wire\core\WireHooks.php(1018): ProcessWire\Wire->_callMethod('___render', Array) #12 C:\xampp\htdocs\Demo\wire\core\Wire.php(484): ProcessWire\WireHooks->runHooks(Object(ProcessWire\HomePage), 'render', Array) #13 C:\xampp\htdocs\Demo\wire\modules\Process\ProcessPageView.module(193): ProcessWire\Wire->__call('render', Array) #14 C:\xampp\htdocs\Demo\wire\modules\Process\ProcessPageView.module(114): ProcessWire\ProcessPageView->renderPage(Object(ProcessWire\HomePage), Object(ProcessWire\PagesRequest)) #15 C:\xampp\htdocs\Demo\wire\core\Wire.php(416): ProcessWire\ProcessPageView->___execute(true) #16 C:\xampp\htdocs\Demo\wire\core\WireHooks.php(1018): ProcessWire\Wire->_callMethod('___execute', Array) #17 C:\xampp\htdocs\Demo\wire\core\Wire.php(484): ProcessWire\WireHooks->runHooks(Object(ProcessWire\ProcessPageView), 'execute', Array) #18 C:\xampp\htdocs\Demo\index.php(56): ProcessWire\Wire->__call('execute', Array) #19 {main}
2026-02-10 12:31:20	admin	http://localhost/Demo/	Error: Call to a member function get() on int in C:\xampp\htdocs\Demo\site\templates\home.php:50 Stack trace: #0 C:\xampp\htdocs\Demo\wire\core\TemplateFile.php(328): require() #1 C:\xampp\htdocs\Demo\wire\core\Wire.php(413): ProcessWire\TemplateFile->___render() #2 C:\xampp\htdocs\Demo\wire\core\WireHooks.php(1018): ProcessWire\Wire->_callMethod('___render', Array) #3 C:\xampp\htdocs\Demo\wire\core\Wire.php(484): ProcessWire\WireHooks->runHooks(Object(ProcessWire\TemplateFile), 'render', Array) #4 C:\xampp\htdocs\Demo\wire\modules\PageRender.module(547): ProcessWire\Wire->__call('render', Array) #5 C:\xampp\htdocs\Demo\wire\core\Page.php(3152): ProcessWire\PageRender->render(Object(ProcessWire\HomePage), Array) #6 C:\xampp\htdocs\Demo\wire\core\Wire.php(416): ProcessWire\Page->___renderPage(Array) #7 C:\xampp\htdocs\Demo\wire\core\WireHooks.php(1018): ProcessWire\Wire->_callMethod('___renderPage', Array) #8 C:\xampp\htdocs\Demo\wire\core\Wire.php(484): ProcessWire\WireHooks->runHooks(Object(ProcessWire\HomePage), 'renderPage', Array) #9 C:\xampp\htdocs\Demo\wire\core\Page.php(3097): ProcessWire\Wire->__call('renderPage', Array) #10 C:\xampp\htdocs\Demo\wire\core\Wire.php(413): ProcessWire\Page->___render() #11 C:\xampp\htdocs\Demo\wire\core\WireHooks.php(1018): ProcessWire\Wire->_callMethod('___render', Array) #12 C:\xampp\htdocs\Demo\wire\core\Wire.php(484): ProcessWire\WireHooks->runHooks(Object(ProcessWire\HomePage), 'render', Array) #13 C:\xampp\htdocs\Demo\wire\modules\Process\ProcessPageView.module(193): ProcessWire\Wire->__call('render', Array) #14 C:\xampp\htdocs\Demo\wire\modules\Process\ProcessPageView.module(114): ProcessWire\ProcessPageView->renderPage(Object(ProcessWire\HomePage), Object(ProcessWire\PagesRequest)) #15 C:\xampp\htdocs\Demo\wire\core\Wire.php(416): ProcessWire\ProcessPageView->___execute(true) #16 C:\xampp\htdocs\Demo\wire\core\WireHooks.php(1018): ProcessWire\Wire->_callMethod('___execute', Array) #17 C:\xampp\htdocs\Demo\wire\core\Wire.php(484): ProcessWire\WireHooks->runHooks(Object(ProcessWire\ProcessPageView), 'execute', Array) #18 C:\xampp\htdocs\Demo\index.php(56): ProcessWire\Wire->__call('execute', Array) #19 {main}
2026-02-10 12:31:24	admin	http://localhost/Demo/	Error: Call to a member function get() on int in C:\xampp\htdocs\Demo\site\templates\home.php:50 Stack trace: #0 C:\xampp\htdocs\Demo\wire\core\TemplateFile.php(328): require() #1 C:\xampp\htdocs\Demo\wire\core\Wire.php(413): ProcessWire\TemplateFile->___render() #2 C:\xampp\htdocs\Demo\wire\core\WireHooks.php(1018): ProcessWire\Wire->_callMethod('___render', Array) #3 C:\xampp\htdocs\Demo\wire\core\Wire.php(484): ProcessWire\WireHooks->runHooks(Object(ProcessWire\TemplateFile), 'render', Array) #4 C:\xampp\htdocs\Demo\wire\modules\PageRender.module(547): ProcessWire\Wire->__call('render', Array) #5 C:\xampp\htdocs\Demo\wire\core\Page.php(3152): ProcessWire\PageRender->render(Object(ProcessWire\HomePage), Array) #6 C:\xampp\htdocs\Demo\wire\core\Wire.php(416): ProcessWire\Page->___renderPage(Array) #7 C:\xampp\htdocs\Demo\wire\core\WireHooks.php(1018): ProcessWire\Wire->_callMethod('___renderPage', Array) #8 C:\xampp\htdocs\Demo\wire\core\Wire.php(484): ProcessWire\WireHooks->runHooks(Object(ProcessWire\HomePage), 'renderPage', Array) #9 C:\xampp\htdocs\Demo\wire\core\Page.php(3097): ProcessWire\Wire->__call('renderPage', Array) #10 C:\xampp\htdocs\Demo\wire\core\Wire.php(413): ProcessWire\Page->___render() #11 C:\xampp\htdocs\Demo\wire\core\WireHooks.php(1018): ProcessWire\Wire->_callMethod('___render', Array) #12 C:\xampp\htdocs\Demo\wire\core\Wire.php(484): ProcessWire\WireHooks->runHooks(Object(ProcessWire\HomePage), 'render', Array) #13 C:\xampp\htdocs\Demo\wire\modules\Process\ProcessPageView.module(193): ProcessWire\Wire->__call('render', Array) #14 C:\xampp\htdocs\Demo\wire\modules\Process\ProcessPageView.module(114): ProcessWire\ProcessPageView->renderPage(Object(ProcessWire\HomePage), Object(ProcessWire\PagesRequest)) #15 C:\xampp\htdocs\Demo\wire\core\Wire.php(416): ProcessWire\ProcessPageView->___execute(true) #16 C:\xampp\htdocs\Demo\wire\core\WireHooks.php(1018): ProcessWire\Wire->_callMethod('___execute', Array) #17 C:\xampp\htdocs\Demo\wire\core\Wire.php(484): ProcessWire\WireHooks->runHooks(Object(ProcessWire\ProcessPageView), 'execute', Array) #18 C:\xampp\htdocs\Demo\index.php(56): ProcessWire\Wire->__call('execute', Array) #19 {main}
2026-02-10 12:32:25	admin	http://localhost/Demo/	Error: Call to a member function get() on int in C:\xampp\htdocs\Demo\site\templates\home.php:50 Stack trace: #0 C:\xampp\htdocs\Demo\wire\core\TemplateFile.php(328): require() #1 C:\xampp\htdocs\Demo\wire\core\Wire.php(413): ProcessWire\TemplateFile->___render() #2 C:\xampp\htdocs\Demo\wire\core\WireHooks.php(1018): ProcessWire\Wire->_callMethod('___render', Array) #3 C:\xampp\htdocs\Demo\wire\core\Wire.php(484): ProcessWire\WireHooks->runHooks(Object(ProcessWire\TemplateFile), 'render', Array) #4 C:\xampp\htdocs\Demo\wire\modules\PageRender.module(547): ProcessWire\Wire->__call('render', Array) #5 C:\xampp\htdocs\Demo\wire\core\Page.php(3152): ProcessWire\PageRender->render(Object(ProcessWire\HomePage), Array) #6 C:\xampp\htdocs\Demo\wire\core\Wire.php(416): ProcessWire\Page->___renderPage(Array) #7 C:\xampp\htdocs\Demo\wire\core\WireHooks.php(1018): ProcessWire\Wire->_callMethod('___renderPage', Array) #8 C:\xampp\htdocs\Demo\wire\core\Wire.php(484): ProcessWire\WireHooks->runHooks(Object(ProcessWire\HomePage), 'renderPage', Array) #9 C:\xampp\htdocs\Demo\wire\core\Page.php(3097): ProcessWire\Wire->__call('renderPage', Array) #10 C:\xampp\htdocs\Demo\wire\core\Wire.php(413): ProcessWire\Page->___render() #11 C:\xampp\htdocs\Demo\wire\core\WireHooks.php(1018): ProcessWire\Wire->_callMethod('___render', Array) #12 C:\xampp\htdocs\Demo\wire\core\Wire.php(484): ProcessWire\WireHooks->runHooks(Object(ProcessWire\HomePage), 'render', Array) #13 C:\xampp\htdocs\Demo\wire\modules\Process\ProcessPageView.module(193): ProcessWire\Wire->__call('render', Array) #14 C:\xampp\htdocs\Demo\wire\modules\Process\ProcessPageView.module(114): ProcessWire\ProcessPageView->renderPage(Object(ProcessWire\HomePage), Object(ProcessWire\PagesRequest)) #15 C:\xampp\htdocs\Demo\wire\core\Wire.php(416): ProcessWire\ProcessPageView->___execute(true) #16 C:\xampp\htdocs\Demo\wire\core\WireHooks.php(1018): ProcessWire\Wire->_callMethod('___execute', Array) #17 C:\xampp\htdocs\Demo\wire\core\Wire.php(484): ProcessWire\WireHooks->runHooks(Object(ProcessWire\ProcessPageView), 'execute', Array) #18 C:\xampp\htdocs\Demo\index.php(56): ProcessWire\Wire->__call('execute', Array) #19 {main}
2026-02-10 12:32:28	admin	http://localhost/Demo/	Error: Call to a member function get() on int in C:\xampp\htdocs\Demo\site\templates\home.php:50 Stack trace: #0 C:\xampp\htdocs\Demo\wire\core\TemplateFile.php(328): require() #1 C:\xampp\htdocs\Demo\wire\core\Wire.php(413): ProcessWire\TemplateFile->___render() #2 C:\xampp\htdocs\Demo\wire\core\WireHooks.php(1018): ProcessWire\Wire->_callMethod('___render', Array) #3 C:\xampp\htdocs\Demo\wire\core\Wire.php(484): ProcessWire\WireHooks->runHooks(Object(ProcessWire\TemplateFile), 'render', Array) #4 C:\xampp\htdocs\Demo\wire\modules\PageRender.module(547): ProcessWire\Wire->__call('render', Array) #5 C:\xampp\htdocs\Demo\wire\core\Page.php(3152): ProcessWire\PageRender->render(Object(ProcessWire\HomePage), Array) #6 C:\xampp\htdocs\Demo\wire\core\Wire.php(416): ProcessWire\Page->___renderPage(Array) #7 C:\xampp\htdocs\Demo\wire\core\WireHooks.php(1018): ProcessWire\Wire->_callMethod('___renderPage', Array) #8 C:\xampp\htdocs\Demo\wire\core\Wire.php(484): ProcessWire\WireHooks->runHooks(Object(ProcessWire\HomePage), 'renderPage', Array) #9 C:\xampp\htdocs\Demo\wire\core\Page.php(3097): ProcessWire\Wire->__call('renderPage', Array) #10 C:\xampp\htdocs\Demo\wire\core\Wire.php(413): ProcessWire\Page->___render() #11 C:\xampp\htdocs\Demo\wire\core\WireHooks.php(1018): ProcessWire\Wire->_callMethod('___render', Array) #12 C:\xampp\htdocs\Demo\wire\core\Wire.php(484): ProcessWire\WireHooks->runHooks(Object(ProcessWire\HomePage), 'render', Array) #13 C:\xampp\htdocs\Demo\wire\modules\Process\ProcessPageView.module(193): ProcessWire\Wire->__call('render', Array) #14 C:\xampp\htdocs\Demo\wire\modules\Process\ProcessPageView.module(114): ProcessWire\ProcessPageView->renderPage(Object(ProcessWire\HomePage), Object(ProcessWire\PagesRequest)) #15 C:\xampp\htdocs\Demo\wire\core\Wire.php(416): ProcessWire\ProcessPageView->___execute(true) #16 C:\xampp\htdocs\Demo\wire\core\WireHooks.php(1018): ProcessWire\Wire->_callMethod('___execute', Array) #17 C:\xampp\htdocs\Demo\wire\core\Wire.php(484): ProcessWire\WireHooks->runHooks(Object(ProcessWire\ProcessPageView), 'execute', Array) #18 C:\xampp\htdocs\Demo\index.php(56): ProcessWire\Wire->__call('execute', Array) #19 {main}
2026-02-10 12:32:29	admin	http://localhost/Demo/	Error: Call to a member function get() on int in C:\xampp\htdocs\Demo\site\templates\home.php:50 Stack trace: #0 C:\xampp\htdocs\Demo\wire\core\TemplateFile.php(328): require() #1 C:\xampp\htdocs\Demo\wire\core\Wire.php(413): ProcessWire\TemplateFile->___render() #2 C:\xampp\htdocs\Demo\wire\core\WireHooks.php(1018): ProcessWire\Wire->_callMethod('___render', Array) #3 C:\xampp\htdocs\Demo\wire\core\Wire.php(484): ProcessWire\WireHooks->runHooks(Object(ProcessWire\TemplateFile), 'render', Array) #4 C:\xampp\htdocs\Demo\wire\modules\PageRender.module(547): ProcessWire\Wire->__call('render', Array) #5 C:\xampp\htdocs\Demo\wire\core\Page.php(3152): ProcessWire\PageRender->render(Object(ProcessWire\HomePage), Array) #6 C:\xampp\htdocs\Demo\wire\core\Wire.php(416): ProcessWire\Page->___renderPage(Array) #7 C:\xampp\htdocs\Demo\wire\core\WireHooks.php(1018): ProcessWire\Wire->_callMethod('___renderPage', Array) #8 C:\xampp\htdocs\Demo\wire\core\Wire.php(484): ProcessWire\WireHooks->runHooks(Object(ProcessWire\HomePage), 'renderPage', Array) #9 C:\xampp\htdocs\Demo\wire\core\Page.php(3097): ProcessWire\Wire->__call('renderPage', Array) #10 C:\xampp\htdocs\Demo\wire\core\Wire.php(413): ProcessWire\Page->___render() #11 C:\xampp\htdocs\Demo\wire\core\WireHooks.php(1018): ProcessWire\Wire->_callMethod('___render', Array) #12 C:\xampp\htdocs\Demo\wire\core\Wire.php(484): ProcessWire\WireHooks->runHooks(Object(ProcessWire\HomePage), 'render', Array) #13 C:\xampp\htdocs\Demo\wire\modules\Process\ProcessPageView.module(193): ProcessWire\Wire->__call('render', Array) #14 C:\xampp\htdocs\Demo\wire\modules\Process\ProcessPageView.module(114): ProcessWire\ProcessPageView->renderPage(Object(ProcessWire\HomePage), Object(ProcessWire\PagesRequest)) #15 C:\xampp\htdocs\Demo\wire\core\Wire.php(416): ProcessWire\ProcessPageView->___execute(true) #16 C:\xampp\htdocs\Demo\wire\core\WireHooks.php(1018): ProcessWire\Wire->_callMethod('___execute', Array) #17 C:\xampp\htdocs\Demo\wire\core\Wire.php(484): ProcessWire\WireHooks->runHooks(Object(ProcessWire\ProcessPageView), 'execute', Array) #18 C:\xampp\htdocs\Demo\index.php(56): ProcessWire\Wire->__call('execute', Array) #19 {main}
